Compiled jquery.js  (2ms)  (pid 3770)
Compiled jquery_ujs.js  (0ms)  (pid 3770)
Compiled twitter/bootstrap/bootstrap-transition.js  (0ms)  (pid 3770)
Compiled twitter/bootstrap/bootstrap-alert.js  (0ms)  (pid 3770)
Compiled twitter/bootstrap/bootstrap-modal.js  (0ms)  (pid 3770)
Compiled twitter/bootstrap/bootstrap-dropdown.js  (0ms)  (pid 3770)
Compiled twitter/bootstrap/bootstrap-scrollspy.js  (0ms)  (pid 3770)
Compiled twitter/bootstrap/bootstrap-tab.js  (0ms)  (pid 3770)
Compiled twitter/bootstrap/bootstrap-tooltip.js  (0ms)  (pid 3770)
Compiled twitter/bootstrap/bootstrap-popover.js  (0ms)  (pid 3770)
Compiled twitter/bootstrap/bootstrap-button.js  (1ms)  (pid 3770)
Compiled twitter/bootstrap/bootstrap-collapse.js  (0ms)  (pid 3770)
Compiled twitter/bootstrap/bootstrap-carousel.js  (0ms)  (pid 3770)
Compiled twitter/bootstrap/bootstrap-typeahead.js  (0ms)  (pid 3770)
Compiled twitter/bootstrap/bootstrap-affix.js  (0ms)  (pid 3770)
Compiled twitter/bootstrap.js  (283ms)  (pid 3770)
Compiled jquery.validate.js  (0ms)  (pid 3770)
Compiled bootstrap.js  (390ms)  (pid 3770)
Compiled candidates.js  (1ms)  (pid 3770)
Compiled employer.js  (1ms)  (pid 3770)
Compiled employerdomains.js  (0ms)  (pid 3770)
Compiled home.js  (1ms)  (pid 3770)
Compiled tinymce/preinit.js  (1ms)  (pid 3770)
Compiled tinymce/tiny_mce_jquery_src.js  (5ms)  (pid 3770)
Compiled tinymce/jquery.tinymce.js  (0ms)  (pid 3770)
Compiled tinymce-jquery.js  (101ms)  (pid 3770)
Compiled application.js  (1094ms)  (pid 3770)
Compiled bootstrap_and_overrides.css  (1549ms)  (pid 3770)
Compiled employer.css  (91ms)  (pid 3770)
Compiled employerdomains.css  (1ms)  (pid 3770)
Compiled responsive_table.css  (0ms)  (pid 3770)
Compiled application.css  (1763ms)  (pid 3770)
Compiled tinymce/tiny_mce_src.js  (6ms)  (pid 3770)
Compiled tinymce.js  (97ms)  (pid 3770)
Compiled jquery.js  (2ms)  (pid 3770)
Compiled jquery_ujs.js  (0ms)  (pid 3770)
Compiled twitter/bootstrap/bootstrap-transition.js  (0ms)  (pid 3770)
Compiled twitter/bootstrap/bootstrap-alert.js  (0ms)  (pid 3770)
Compiled twitter/bootstrap/bootstrap-modal.js  (0ms)  (pid 3770)
Compiled twitter/bootstrap/bootstrap-dropdown.js  (0ms)  (pid 3770)
Compiled twitter/bootstrap/bootstrap-scrollspy.js  (0ms)  (pid 3770)
Compiled twitter/bootstrap/bootstrap-tab.js  (0ms)  (pid 3770)
Compiled twitter/bootstrap/bootstrap-tooltip.js  (0ms)  (pid 3770)
Compiled twitter/bootstrap/bootstrap-popover.js  (0ms)  (pid 3770)
Compiled twitter/bootstrap/bootstrap-button.js  (0ms)  (pid 3770)
Compiled twitter/bootstrap/bootstrap-collapse.js  (0ms)  (pid 3770)
Compiled twitter/bootstrap/bootstrap-carousel.js  (0ms)  (pid 3770)
Compiled twitter/bootstrap/bootstrap-typeahead.js  (0ms)  (pid 3770)
Compiled twitter/bootstrap/bootstrap-affix.js  (0ms)  (pid 3770)
Compiled twitter/bootstrap.js  (151ms)  (pid 3770)
Compiled jquery.validate.js  (0ms)  (pid 3770)
Compiled bootstrap.js  (89ms)  (pid 3770)
Compiled candidates.js  (1ms)  (pid 3770)
Compiled employer.js  (1ms)  (pid 3770)
Compiled employerdomains.js  (0ms)  (pid 3770)
Compiled home.js  (1ms)  (pid 3770)
Compiled tinymce/preinit.js  (1ms)  (pid 3770)
Compiled tinymce/tiny_mce_jquery_src.js  (5ms)  (pid 3770)
Compiled tinymce/jquery.tinymce.js  (0ms)  (pid 3770)
Compiled tinymce-jquery.js  (72ms)  (pid 3770)
Compiled application.js  (476ms)  (pid 3770)
Compiled bootstrap_and_overrides.css  (1373ms)  (pid 3770)
Compiled employer.css  (12ms)  (pid 3770)
Compiled employerdomains.css  (1ms)  (pid 3770)
Compiled responsive_table.css  (0ms)  (pid 3770)
Compiled application.css  (1467ms)  (pid 3770)
Compiled tinymce/tiny_mce_src.js  (6ms)  (pid 3770)
Compiled tinymce.js  (86ms)  (pid 3770)
